<?xml version="1.0" encoding="UTF-8"?>
<testng-results ignored="0" total="2" passed="2" failed="0" skipped="0">
  <reporter-output>
  </reporter-output>
  <suite started-at="2022-08-02T13:45:52 IST" name="Default suite" finished-at="2022-08-02T13:46:11 IST" duration-ms="19172">
    <groups>
      <group name="smoke">
        <method signature="logintestcases.TC1()[pri:0, instance:com.log.pack.logintestcases@30ee2816]" name="TC1" class="com.log.pack.logintestcases"/>
      </group> <!-- smoke -->
      <group name="sanity">
        <method signature="logintestcases.TC2()[pri:0, instance:com.log.pack.logintestcases@30ee2816]" name="TC2" class="com.log.pack.logintestcases"/>
      </group> <!-- sanity -->
    </groups>
    <test started-at="2022-08-02T13:45:52 IST" name="Default test" finished-at="2022-08-02T13:46:11 IST" duration-ms="19172">
      <class name="com.log.pack.logintestcases">
        <test-method is-config="true" signature="launch()[pri:0, instance:com.log.pack.logintestcases@30ee2816]" started-at="2022-08-02T13:45:20 IST" name="launch" finished-at="2022-08-02T13:45:52 IST" duration-ms="31508" status="PASS">
          <reporter-output>
          </reporter-output>
        </test-method> <!-- launch -->
        <test-method is-config="true" signature="extentreportgenerate()[pri:0, instance:com.log.pack.logintestcases@30ee2816]" started-at="2022-08-02T13:45:52 IST" name="extentreportgenerate" finished-at="2022-08-02T13:45:55 IST" duration-ms="3105" status="PASS">
          <reporter-output>
          </reporter-output>
        </test-method> <!-- extentreportgenerate -->
        <test-method signature="TC1()[pri:0, instance:com.log.pack.logintestcases@30ee2816]" started-at="2022-08-02T13:45:55 IST" name="TC1" finished-at="2022-08-02T13:46:00 IST" duration-ms="5441" status="PASS">
          <reporter-output>
          </reporter-output>
        </test-method> <!-- TC1 -->
        <test-method signature="TC2()[pri:0, instance:com.log.pack.logintestcases@30ee2816]" started-at="2022-08-02T13:46:00 IST" name="TC2" finished-at="2022-08-02T13:46:08 IST" duration-ms="8277" status="PASS">
          <reporter-output>
          </reporter-output>
        </test-method> <!-- TC2 -->
        <test-method is-config="true" signature="closereport()[pri:0, instance:com.log.pack.logintestcases@30ee2816]" started-at="2022-08-02T13:46:08 IST" name="closereport" finished-at="2022-08-02T13:46:11 IST" duration-ms="2265" status="PASS">
          <reporter-output>
          </reporter-output>
        </test-method> <!-- closereport -->
        <test-method is-config="true" signature="close()[pri:0, instance:com.log.pack.logintestcases@30ee2816]" started-at="2022-08-02T13:46:11 IST" name="close" finished-at="2022-08-02T13:46:11 IST" duration-ms="575" status="PASS">
          <reporter-output>
          </reporter-output>
        </test-method> <!-- close -->
      </class> <!-- com.log.pack.logintestcases -->
    </test> <!-- Default test -->
  </suite> <!-- Default suite -->
</testng-results>
